<?xml version="1.0" encoding="UTF-8"?>
<!-- Generated by org.testng.reporters.JUnitXMLReporter -->
<testsuite ignored="0" hostname="Lenovo" failures="0" tests="3" name="Surefire test" time="34.359" errors="0" timestamp="2026-03-31T20:16:37 WIB">
  <testcase classname="com.juaracoding.LoginTest" name="testLoginNegative" time="0.453"/>
  <testcase classname="com.juaracoding.LoginTest" name="testLoginPositive" time="0.209"/>
  <testcase classname="com.juaracoding.PracticeFormTest" name="testPracticeForm" time="8.28"/>
</testsuite> <!-- Surefire test -->
