<?xml version="1.0" encoding="UTF-8"?>
<testng-results ignored="0" total="3" passed="3" failed="0" skipped="0">
  <reporter-output>
  </reporter-output>
  <suite started-at="2026-03-31T20:16:03 WIB" name="Surefire suite" finished-at="2026-03-31T20:16:37 WIB" duration-ms="34359">
    <groups>
    </groups>
    <test started-at="2026-03-31T20:16:03 WIB" name="Surefire test" finished-at="2026-03-31T20:16:37 WIB" duration-ms="34359">
      <class name="com.juaracoding.LoginTest">
        <test-method is-config="true" signature="setUp()[pri:0, instance:com.juaracoding.LoginTest@6dbb137d]" started-at="2026-03-31T20:16:03 WIB" name="setUp" finished-at="2026-03-31T20:16:06 WIB" duration-ms="3682" status="PASS">
          <reporter-output>
          </reporter-output>
        </test-method> <!-- setUp -->
        <test-method signature="testLoginNegative()[pri:0, instance:com.juaracoding.LoginTest@6dbb137d]" started-at="2026-03-31T20:16:06 WIB" name="testLoginNegative" finished-at="2026-03-31T20:16:07 WIB" duration-ms="453" status="PASS">
          <reporter-output>
          </reporter-output>
        </test-method> <!-- testLoginNegative -->
        <test-method is-config="true" signature="tearDown()[pri:0, instance:com.juaracoding.LoginTest@6dbb137d]" started-at="2026-03-31T20:16:07 WIB" name="tearDown" finished-at="2026-03-31T20:16:08 WIB" duration-ms="1258" status="PASS">
          <reporter-output>
          </reporter-output>
        </test-method> <!-- tearDown -->
        <test-method is-config="true" signature="setUp()[pri:0, instance:com.juaracoding.LoginTest@6dbb137d]" started-at="2026-03-31T20:16:08 WIB" name="setUp" finished-at="2026-03-31T20:16:12 WIB" duration-ms="3779" status="PASS">
          <reporter-output>
          </reporter-output>
        </test-method> <!-- setUp -->
        <test-method signature="testLoginPositive()[pri:0, instance:com.juaracoding.LoginTest@6dbb137d]" started-at="2026-03-31T20:16:12 WIB" name="testLoginPositive" finished-at="2026-03-31T20:16:12 WIB" duration-ms="209" status="PASS">
          <reporter-output>
          </reporter-output>
        </test-method> <!-- testLoginPositive -->
        <test-method is-config="true" signature="tearDown()[pri:0, instance:com.juaracoding.LoginTest@6dbb137d]" started-at="2026-03-31T20:16:12 WIB" name="tearDown" finished-at="2026-03-31T20:16:13 WIB" duration-ms="943" status="PASS">
          <reporter-output>
          </reporter-output>
        </test-method> <!-- tearDown -->
      </class> <!-- com.juaracoding.LoginTest -->
      <class name="com.juaracoding.PracticeFormTest">
        <test-method is-config="true" signature="setUp()[pri:0, instance:com.juaracoding.PracticeFormTest@3aefe5e5]" started-at="2026-03-31T20:16:13 WIB" name="setUp" finished-at="2026-03-31T20:16:27 WIB" duration-ms="14559" status="PASS">
          <reporter-output>
          </reporter-output>
        </test-method> <!-- setUp -->
        <test-method signature="testPracticeForm()[pri:0, instance:com.juaracoding.PracticeFormTest@3aefe5e5]" started-at="2026-03-31T20:16:27 WIB" name="testPracticeForm" finished-at="2026-03-31T20:16:36 WIB" duration-ms="8280" status="PASS">
          <reporter-output>
          </reporter-output>
        </test-method> <!-- testPracticeForm -->
        <test-method is-config="true" signature="tearDown()[pri:0, instance:com.juaracoding.PracticeFormTest@3aefe5e5]" started-at="2026-03-31T20:16:36 WIB" name="tearDown" finished-at="2026-03-31T20:16:37 WIB" duration-ms="1154" status="PASS">
          <reporter-output>
          </reporter-output>
        </test-method> <!-- tearDown -->
      </class> <!-- com.juaracoding.PracticeFormTest -->
    </test> <!-- Surefire test -->
  </suite> <!-- Surefire suite -->
</testng-results>
