<?xml version="1.0" encoding="UTF-8"?>
<testng-results ignored="0" total="3" passed="3" failed="0" skipped="0">
  <reporter-output>
  </reporter-output>
  <suite started-at="2026-03-31T21:14:32 WIB" name="SauceDemo Test Suite" finished-at="2026-03-31T21:15:32 WIB" duration-ms="59650">
    <groups>
    </groups>
    <test started-at="2026-03-31T21:14:32 WIB" name="Login Tests" finished-at="2026-03-31T21:14:59 WIB" duration-ms="27182">
      <class name="com.juaracoding.LoginTest">
        <test-method is-config="true" signature="setUp(java.lang.String)[pri:0, instance:com.juaracoding.LoginTest@20deea7f]" started-at="2026-03-31T21:14:32 WIB" name="setUp" finished-at="2026-03-31T21:14:43 WIB" duration-ms="10797" status="PASS">
          <params>
            <param index="0">
              <value>
                <![CDATA[firefox]]>
              </value>
            </param>
          </params>
          <reporter-output>
          </reporter-output>
        </test-method> <!-- setUp -->
        <test-method signature="testLoginNegative()[pri:0, instance:com.juaracoding.LoginTest@20deea7f]" started-at="2026-03-31T21:14:43 WIB" name="testLoginNegative" finished-at="2026-03-31T21:14:44 WIB" duration-ms="897" status="PASS">
          <reporter-output>
          </reporter-output>
        </test-method> <!-- testLoginNegative -->
        <test-method is-config="true" signature="tearDown()[pri:0, instance:com.juaracoding.LoginTest@20deea7f]" started-at="2026-03-31T21:14:44 WIB" name="tearDown" finished-at="2026-03-31T21:14:50 WIB" duration-ms="6344" status="PASS">
          <reporter-output>
          </reporter-output>
        </test-method> <!-- tearDown -->
        <test-method is-config="true" signature="setUp(java.lang.String)[pri:0, instance:com.juaracoding.LoginTest@20deea7f]" started-at="2026-03-31T21:14:50 WIB" name="setUp" finished-at="2026-03-31T21:14:57 WIB" duration-ms="6706" status="PASS">
          <params>
            <param index="0">
              <value>
                <![CDATA[firefox]]>
              </value>
            </param>
          </params>
          <reporter-output>
          </reporter-output>
        </test-method> <!-- setUp -->
        <test-method signature="testLoginPositive()[pri:0, instance:com.juaracoding.LoginTest@20deea7f]" started-at="2026-03-31T21:14:57 WIB" name="testLoginPositive" finished-at="2026-03-31T21:14:57 WIB" duration-ms="432" status="PASS">
          <reporter-output>
          </reporter-output>
        </test-method> <!-- testLoginPositive -->
        <test-method is-config="true" signature="tearDown()[pri:0, instance:com.juaracoding.LoginTest@20deea7f]" started-at="2026-03-31T21:14:57 WIB" name="tearDown" finished-at="2026-03-31T21:14:59 WIB" duration-ms="1937" status="PASS">
          <reporter-output>
          </reporter-output>
        </test-method> <!-- tearDown -->
      </class> <!-- com.juaracoding.LoginTest -->
    </test> <!-- Login Tests -->
    <test started-at="2026-03-31T21:14:32 WIB" name="PracticeForm Tests" finished-at="2026-03-31T21:15:32 WIB" duration-ms="59650">
      <class name="com.juaracoding.PracticeFormTest">
        <test-method is-config="true" signature="setUp(java.lang.String)[pri:0, instance:com.juaracoding.PracticeFormTest@72967906]" started-at="2026-03-31T21:14:32 WIB" name="setUp" finished-at="2026-03-31T21:15:24 WIB" duration-ms="51720" status="PASS">
          <params>
            <param index="0">
              <value>
                <![CDATA[firefox]]>
              </value>
            </param>
          </params>
          <reporter-output>
          </reporter-output>
        </test-method> <!-- setUp -->
        <test-method signature="testPracticeForm()[pri:0, instance:com.juaracoding.PracticeFormTest@72967906]" started-at="2026-03-31T21:15:24 WIB" name="testPracticeForm" finished-at="2026-03-31T21:15:32 WIB" duration-ms="7873" status="PASS">
          <reporter-output>
          </reporter-output>
        </test-method> <!-- testPracticeForm -->
        <test-method is-config="true" signature="tearDown()[pri:0, instance:com.juaracoding.PracticeFormTest@72967906]" started-at="2026-03-31T21:15:32 WIB" name="tearDown" finished-at="2026-03-31T21:15:32 WIB" duration-ms="1" status="PASS">
          <reporter-output>
          </reporter-output>
        </test-method> <!-- tearDown -->
      </class> <!-- com.juaracoding.PracticeFormTest -->
    </test> <!-- PracticeForm Tests -->
  </suite> <!-- SauceDemo Test Suite -->
</testng-results>
